Base path: D:/2018.4.10f1/Editor/Data
Cmd: initializeCompiler
Cmd: compileComputeKernel
  api=4 insize=14379 outsize=87113 ok=1
Cmd: compileComputeKernel
  api=4 insize=14379 outsize=32189 ok=1
Cmd: compileComputeKernel
  api=4 insize=14379 outsize=56813 ok=1
Cmd: compileComputeKernel
  api=4 insize=14379 outsize=42709 ok=1
Cmd: compileComputeKernel
  api=4 insize=14379 outsize=59653 ok=1
Cmd: compileComputeKernel
  api=4 insize=14379 outsize=31041 ok=1
Cmd: compileComputeKernel
  api=4 insize=14379 outsize=59293 ok=1
Cmd: compileComputeKernel
  api=4 insize=14379 outsize=40345 ok=1
Cmd: compileComputeKernel
  api=4 insize=14379 outsize=49789 ok=1
Cmd: compileComputeKernel
  api=4 insize=14379 outsize=36609 ok=1
Cmd: compileComputeKernel
  api=4 insize=14379 outsize=32569 ok=1
Cmd: compileComputeKernel
  api=4 insize=14379 outsize=36081 ok=1
Cmd: compileComputeKernel
  api=4 insize=14379 outsize=44137 ok=1
Cmd: compileComputeKernel
  api=4 insize=14379 outsize=32497 ok=1
Cmd: compileComputeKernel
  api=4 insize=14379 outsize=60869 ok=1
Cmd: compileComputeKernel
  api=4 insize=26814 outsize=14253 ok=1
Cmd: compileComputeKernel
  api=4 insize=26814 outsize=15857 ok=1
Cmd: compileComputeKernel
  api=4 insize=26814 outsize=16041 ok=1
Cmd: compileComputeKernel
  api=4 insize=10881 outsize=10593 ok=1
Cmd: compileComputeKernel
  api=4 insize=7431 outsize=4897 ok=1
Cmd: compileComputeKernel
  api=4 insize=4845 outsize=5397 ok=1
Cmd: compileComputeKernel
  api=4 insize=3396 outsize=2681 ok=1
Cmd: compileComputeKernel
  api=4 insize=18299 outsize=8781 ok=1
Cmd: compileComputeKernel
  api=4 insize=18299 outsize=8553 ok=1
Cmd: compileComputeKernel
  api=4 insize=18299 outsize=10769 ok=1
Cmd: compileComputeKernel
  api=4 insize=19063 outsize=14105 ok=1
Cmd: compileComputeKernel
  api=4 insize=19063 outsize=14889 ok=1
Cmd: compileComputeKernel
  api=4 insize=21751 outsize=21741 ok=1
Cmd: compileComputeKernel
  api=4 insize=20454 outsize=95037 ok=1
Cmd: compileComputeKernel
  api=4 insize=34758 outsize=31513 ok=1
Cmd: compileComputeKernel
  api=4 insize=34758 outsize=32769 ok=1
Cmd: compileComputeKernel
  api=4 insize=34758 outsize=31513 ok=1
Cmd: compileComputeKernel
  api=4 insize=34758 outsize=32769 ok=1
Cmd: compileComputeKernel
  api=4 insize=16360 outsize=7821 ok=1
Cmd: compileComputeKernel
  api=4 insize=13916 outsize=2265 ok=1
Cmd: compileComputeKernel
  api=4 insize=1454 outsize=597 ok=1
Cmd: compileComputeKernel
  api=4 insize=2044 outsize=1033 ok=1
Cmd: compileComputeKernel
  api=4 insize=16866 outsize=5809 ok=1
Cmd: compileComputeKernel
  api=4 insize=16866 outsize=6893 ok=1
Cmd: compileComputeKernel
  api=4 insize=16866 outsize=6625 ok=1
Cmd: compileComputeKernel
  api=4 insize=16866 outsize=6501 ok=1
Cmd: compileComputeKernel
  api=4 insize=16866 outsize=8013 ok=1
Cmd: compileComputeKernel
  api=4 insize=16866 outsize=9673 ok=1
Cmd: compileComputeKernel
  api=4 insize=16866 outsize=9301 ok=1
Cmd: compileComputeKernel
  api=4 insize=16866 outsize=6565 ok=1
Cmd: compileComputeKernel
  api=4 insize=16866 outsize=7573 ok=1
Cmd: compileComputeKernel
  api=4 insize=16866 outsize=6685 ok=1
Cmd: compileComputeKernel
  api=4 insize=16866 outsize=7381 ok=1
Cmd: compileComputeKernel
  api=4 insize=16866 outsize=8773 ok=1
Cmd: compileComputeKernel
  api=4 insize=16866 outsize=8957 ok=1
Cmd: compileComputeKernel
  api=4 insize=16866 outsize=10925 ok=1
Cmd: compileComputeKernel
  api=4 insize=16866 outsize=9789 ok=1
Cmd: compileComputeKernel
  api=4 insize=16866 outsize=11449 ok=1
Cmd: compileComputeKernel
  api=4 insize=3145 outsize=4301 ok=1
Cmd: compileComputeKernel
  error: 2 plat 4 at Follow.vfx(14): failed to open source file: 'Packages/com.unity.visualeffectgraph/Shaders/Common/VFXCommonCompute.cginc'
  api=4 insize=4395 outsize=0 ok=0
Cmd: compileComputeKernel
  error: 2 plat 4 at Follow.vfx(14): failed to open source file: 'Packages/com.unity.visualeffectgraph/Shaders/Common/VFXCommonCompute.cginc'
  api=4 insize=1567 outsize=0 ok=0
Cmd: initializeCompiler
Cmd: initializeCompiler
Cmd: initializeCompiler
Cmd: initializeCompiler
