Base path: 'D:/2019.3.9f1/Editor/Data', plugins path 'D:/2019.3.9f1/Editor/Data/PlaybackEngines'
Cmd: initializeCompiler
Cmd: preprocessCompute
  insize=6018 outsize=6020 ok=1
Cmd: preprocessCompute
  insize=7752 outsize=7754 ok=1
Cmd: preprocess
  insize=22597 outsize=476 ok=1
Cmd: preprocessCompute
  insize=1967 outsize=1969 ok=1
Cmd: preprocessCompute
  insize=6018 outsize=6020 ok=1
Cmd: preprocessCompute
  insize=7752 outsize=7754 ok=1
Cmd: preprocess
  insize=22597 outsize=476 ok=1
Cmd: preprocessCompute
  insize=1967 outsize=1969 ok=1
Cmd: preprocessCompute
  insize=6018 outsize=6020 ok=1
Cmd: preprocessCompute
  insize=7752 outsize=7754 ok=1
Cmd: preprocess
  insize=22597 outsize=476 ok=1
Cmd: preprocessCompute
  insize=1967 outsize=1969 ok=1
Cmd: preprocessCompute
  insize=6018 outsize=6020 ok=1
Cmd: preprocessCompute
  insize=7752 outsize=7754 ok=1
Cmd: preprocess
  insize=22597 outsize=476 ok=1
Cmd: preprocessCompute
  insize=1967 outsize=1969 ok=1
Cmd: preprocessCompute
  insize=6018 outsize=6020 ok=1
Cmd: preprocessCompute
  insize=7752 outsize=7754 ok=1
Cmd: preprocess
  insize=22597 outsize=476 ok=1
Cmd: preprocessCompute
  insize=1967 outsize=1969 ok=1
Cmd: preprocessCompute
  insize=6018 outsize=6020 ok=1
Cmd: preprocessCompute
  insize=7752 outsize=7754 ok=1
Cmd: preprocess
  insize=22597 outsize=476 ok=1
Cmd: preprocessCompute
  insize=1967 outsize=1969 ok=1
Cmd: preprocessCompute
  insize=6018 outsize=6020 ok=1
Cmd: preprocessCompute
  insize=7752 outsize=7754 ok=1
Cmd: preprocess
  insize=22597 outsize=476 ok=1
Cmd: preprocessCompute
  insize=1967 outsize=1969 ok=1
Cmd: preprocessCompute
  insize=6018 outsize=6020 ok=1
Cmd: preprocessCompute
  insize=7752 outsize=7754 ok=1
Cmd: preprocess
  insize=22597 outsize=476 ok=1
Cmd: preprocessCompute
  insize=1967 outsize=1969 ok=1
Cmd: preprocessCompute
  insize=6018 outsize=6020 ok=1
Cmd: preprocessCompute
  insize=7752 outsize=7754 ok=1
Cmd: preprocess
  insize=22597 outsize=476 ok=1
Cmd: preprocessCompute
  insize=1967 outsize=1969 ok=1
Cmd: preprocessCompute
  insize=6018 outsize=6020 ok=1
Cmd: preprocessCompute
  insize=7752 outsize=7754 ok=1
Cmd: preprocess
  insize=22597 outsize=476 ok=1
Cmd: preprocessCompute
  insize=1967 outsize=1969 ok=1
Cmd: preprocessCompute
  insize=6018 outsize=6020 ok=1
Cmd: preprocessCompute
  insize=7752 outsize=7754 ok=1
Cmd: preprocess
  insize=22597 outsize=476 ok=1
Cmd: preprocessCompute
  insize=1967 outsize=1969 ok=1
Cmd: preprocessCompute
  insize=6018 outsize=6020 ok=1
Cmd: preprocessCompute
  insize=7752 outsize=7754 ok=1
Cmd: preprocess
  insize=22597 outsize=476 ok=1
Cmd: preprocessCompute
  insize=1967 outsize=1969 ok=1
Cmd: preprocessCompute
  insize=6018 outsize=6020 ok=1
Cmd: preprocessCompute
  insize=7752 outsize=7754 ok=1
Cmd: preprocess
  insize=22597 outsize=476 ok=1
Cmd: preprocessCompute
  insize=1967 outsize=1969 ok=1
Cmd: preprocessCompute
  insize=6018 outsize=6020 ok=1
Cmd: preprocessCompute
  insize=7752 outsize=7754 ok=1
Cmd: preprocess
  insize=22597 outsize=476 ok=1
Cmd: preprocessCompute
  insize=1967 outsize=1969 ok=1
Cmd: preprocessCompute
  insize=6018 outsize=6020 ok=1
Cmd: preprocessCompute
  insize=7752 outsize=7754 ok=1
Cmd: preprocess
  insize=22597 outsize=476 ok=1
Cmd: preprocessCompute
  insize=1967 outsize=1969 ok=1
Cmd: preprocessCompute
  insize=6018 outsize=6020 ok=1
Cmd: preprocessCompute
  insize=7752 outsize=7754 ok=1
Cmd: preprocess
  insize=22597 outsize=476 ok=1
Cmd: preprocessCompute
  insize=1967 outsize=1969 ok=1
Cmd: preprocessCompute
  insize=6018 outsize=6020 ok=1
Cmd: preprocessCompute
  insize=7752 outsize=7754 ok=1
Cmd: preprocess
  insize=22597 outsize=476 ok=1
Cmd: preprocessCompute
  insize=1967 outsize=1969 ok=1
Cmd: preprocessCompute
  insize=6018 outsize=6020 ok=1
Cmd: preprocessCompute
  insize=7752 outsize=7754 ok=1
Cmd: preprocess
  insize=22597 outsize=476 ok=1
Cmd: preprocessCompute
  insize=1967 outsize=1969 ok=1
Cmd: preprocessCompute
  insize=6018 outsize=6020 ok=1
Cmd: preprocessCompute
  insize=7752 outsize=7754 ok=1
Cmd: preprocess
  insize=22597 outsize=476 ok=1
Cmd: preprocessCompute
  insize=1967 outsize=1969 ok=1
Cmd: preprocessCompute
  insize=6018 outsize=6020 ok=1
Cmd: preprocessCompute
  insize=7752 outsize=7754 ok=1
Cmd: preprocess
  insize=22597 outsize=476 ok=1
Cmd: preprocessCompute
  insize=1967 outsize=1969 ok=1
Cmd: preprocessCompute
  insize=6018 outsize=6020 ok=1
Cmd: preprocessCompute
  insize=7752 outsize=7754 ok=1
Cmd: preprocess
  insize=22597 outsize=476 ok=1
Cmd: preprocessCompute
  insize=1967 outsize=1969 ok=1
Cmd: preprocessCompute
  insize=6018 outsize=6020 ok=1
Cmd: preprocessCompute
  insize=7752 outsize=7754 ok=1
Cmd: preprocess
  insize=22597 outsize=476 ok=1
Cmd: preprocessCompute
  insize=1967 outsize=1969 ok=1
Cmd: preprocessCompute
  insize=6018 outsize=6020 ok=1
Cmd: preprocessCompute
  insize=7752 outsize=7754 ok=1
Cmd: preprocess
  insize=22597 outsize=476 ok=1
Cmd: preprocessCompute
  insize=1967 outsize=1969 ok=1
Cmd: preprocessCompute
  insize=6018 outsize=6020 ok=1
Cmd: preprocessCompute
  insize=7752 outsize=7754 ok=1
Cmd: preprocess
  insize=22597 outsize=476 ok=1
Cmd: preprocessCompute
  insize=1967 outsize=1969 ok=1
