Base path: D:/2018.4.10f1/Editor/Data
Cmd: initializeCompiler
Cmd: compileComputeKernel
  api=4 insize=14379 outsize=96833 ok=1
Cmd: compileComputeKernel
  api=4 insize=14379 outsize=38769 ok=1
Cmd: compileComputeKernel
  api=4 insize=14379 outsize=31061 ok=1
Cmd: compileComputeKernel
  api=4 insize=14379 outsize=67809 ok=1
Cmd: compileComputeKernel
  api=4 insize=14379 outsize=42581 ok=1
Cmd: compileComputeKernel
  api=4 insize=14379 outsize=34593 ok=1
Cmd: compileComputeKernel
  api=4 insize=14379 outsize=41173 ok=1
Cmd: compileComputeKernel
  api=4 insize=14379 outsize=21377 ok=1
Cmd: compileComputeKernel
  api=4 insize=14379 outsize=41761 ok=1
Cmd: compileComputeKernel
  api=4 insize=14379 outsize=39221 ok=1
Cmd: compileComputeKernel
  api=4 insize=14379 outsize=32589 ok=1
Cmd: compileComputeKernel
  api=4 insize=14379 outsize=69501 ok=1
Cmd: compileComputeKernel
  api=4 insize=14379 outsize=33293 ok=1
Cmd: compileComputeKernel
  api=4 insize=14379 outsize=68793 ok=1
Cmd: compileComputeKernel
  api=4 insize=26814 outsize=15341 ok=1
Cmd: compileComputeKernel
  api=4 insize=26814 outsize=15773 ok=1
Cmd: compileComputeKernel
  api=4 insize=2059 outsize=349 ok=1
Cmd: compileComputeKernel
  api=4 insize=10881 outsize=10437 ok=1
Cmd: compileComputeKernel
  api=4 insize=4845 outsize=3733 ok=1
Cmd: compileComputeKernel
  api=4 insize=6353 outsize=1037 ok=1
Cmd: compileComputeKernel
  api=4 insize=18299 outsize=8681 ok=1
Cmd: compileComputeKernel
  api=4 insize=18299 outsize=10469 ok=1
Cmd: compileComputeKernel
  api=4 insize=19063 outsize=14241 ok=1
Cmd: compileComputeKernel
  api=4 insize=19063 outsize=14753 ok=1
Cmd: compileComputeKernel
  api=4 insize=2867 outsize=353 ok=1
Cmd: compileComputeKernel
  api=4 insize=20454 outsize=27305 ok=1
Cmd: compileComputeKernel
  api=4 insize=34758 outsize=33693 ok=1
Cmd: compileComputeKernel
  api=4 insize=34758 outsize=35261 ok=1
Cmd: compileComputeKernel
  api=4 insize=34758 outsize=33693 ok=1
Cmd: compileComputeKernel
  api=4 insize=34758 outsize=35261 ok=1
Cmd: compileComputeKernel
  api=4 insize=16360 outsize=7821 ok=1
Cmd: compileComputeKernel
  api=4 insize=3506 outsize=1685 ok=1
Cmd: compileComputeKernel
  api=4 insize=16866 outsize=5425 ok=1
Cmd: compileComputeKernel
  api=4 insize=16866 outsize=6817 ok=1
Cmd: compileComputeKernel
  api=4 insize=16866 outsize=6313 ok=1
Cmd: compileComputeKernel
  api=4 insize=16866 outsize=7397 ok=1
Cmd: compileComputeKernel
  api=4 insize=16866 outsize=8469 ok=1
Cmd: compileComputeKernel
  api=4 insize=16866 outsize=6805 ok=1
Cmd: compileComputeKernel
  api=4 insize=16866 outsize=7789 ok=1
Cmd: compileComputeKernel
  api=4 insize=16866 outsize=9757 ok=1
Cmd: compileComputeKernel
  api=4 insize=16866 outsize=7261 ok=1
Cmd: compileComputeKernel
  api=4 insize=16866 outsize=8269 ok=1
Cmd: compileComputeKernel
  api=4 insize=16866 outsize=8077 ok=1
Cmd: compileComputeKernel
  api=4 insize=16866 outsize=7973 ok=1
Cmd: compileComputeKernel
  api=4 insize=16866 outsize=9485 ok=1
Cmd: compileComputeKernel
  api=4 insize=16866 outsize=11145 ok=1
Cmd: compileComputeKernel
  api=4 insize=16866 outsize=10773 ok=1
Cmd: compileComputeKernel
  error: 2 plat 4 at Follow.vfx(24): failed to open source file: 'Packages/com.unity.visualeffectgraph/Shaders/Common/VFXCommonCompute.cginc'
  api=4 insize=5067 outsize=0 ok=0
Cmd: initializeCompiler
Cmd: initializeCompiler
Cmd: initializeCompiler
Cmd: initializeCompiler
